# JRE version: OpenJDK Runtime Environment Temurin-21.0.9+10 (21.0.9+10) (build 21.0.9+10-LTS)
# Java VM: OpenJDK 64-Bit Server VM Temurin-21.0.9+10 (21.0.9+10-LTS, mixed mode, sharing, tiered, compressed oops, compressed class ptrs, g1 gc, windows-amd64)
GC Precious Log:
 CardTable entry size: 512
 Card Set container configuration: InlinePtr #cards 4 size 8 Array Of Cards #cards 32 size 80 Howl #buckets 8 coarsen threshold 7372 Howl Bitmap #cards 1024 size 144 coarsen threshold 921 Card regions per heap region 1 cards per card region 8192
 CPUs: 12 total, 12 available
 Memory: 15681M
 Large Page Support: Disabled
 NUMA Support: Disabled
 Compressed Oops: Enabled (Zero based)
 Heap Region Size: 4M
 Heap Min Capacity: 8M
 Heap Initial Capacity: 248M
 Heap Max Capacity: 8G
 Pre-touch: Disabled
 Parallel Workers: 10
 Concurrent Workers: 3
 Concurrent Refinement Workers: 10
 Periodic GC: Disabled
Heap:
 garbage-first heap   total 708608K, used 656887K [0x0000000600000000, 0x0000000800000000)
  region size 4096K, 94 young (385024K), 5 survivors (20480K)
 Metaspace       used 270805K, committed 274496K, reserved 1310720K
  class space    used 34691K, committed 36480K, reserved 1048576K
GC Heap History (20 events):
Event: 3205.886 GC heap before
{Heap before GC invocations=88 (full 0):
 garbage-first heap   total 688128K, used 637561K [0x0000000600000000, 0x0000000800000000)
  region size 4096K, 90 young (368640K), 7 survivors (28672K)
 Metaspace       used 239627K, committed 243200K, reserved 1310720K
  class space    used 30231K, committed 32000K, reserved 1048576K
}
Event: 3205.917 GC heap after
{Heap after GC invocations=89 (full 0):
 garbage-first heap   total 688128K, used 300269K [0x0000000600000000, 0x0000000800000000)
  region size 4096K, 8 young (32768K), 8 survivors (32768K)
 Metaspace       used 239627K, committed 243200K, reserved 1310720K
  class space    used 30231K, committed 32000K, reserved 1048576K
}
Event: 3210.345 GC heap before
{Heap before GC invocations=89 (full 0):
 garbage-first heap   total 688128K, used 640237K [0x0000000600000000, 0x0000000800000000)
  region size 4096K, 92 young (376832K), 8 survivors (32768K)
 Metaspace       used 241032K, committed 244672K, reserved 1310720K
  class space    used 30277K, committed 32064K, reserved 1048576K
}
Event: 3210.360 GC heap after
{Heap after GC invocations=90 (full 0):
 garbage-first heap   total 688128K, used 299105K [0x0000000600000000, 0x0000000800000000)
  region size 4096K, 6 young (24576K), 6 survivors (24576K)
 Metaspace       used 241032K, committed 244672K, reserved 1310720K
  class space    used 30277K, committed 32064K, reserved 1048576K
}
Event: 3214.657 GC heap before
{Heap before GC invocations=91 (full 0):
 garbage-first heap   total 688128K, used 643169K [0x0000000600000000, 0x0000000800000000)
  region size 4096K, 91 young (372736K), 6 survivors (24576K)
 Metaspace       used 241624K, committed 245184K, reserved 1310720K
  class space    used 30312K, committed 32064K, reserved 1048576K
}
Event: 3214.670 GC heap after
{Heap after GC invocations=92 (full 0):
 garbage-first heap   total 688128K, used 299921K [0x0000000600000000, 0x0000000800000000)
  region size 4096K, 6 young (24576K), 6 survivors (24576K)
 Metaspace       used 241624K, committed 245184K, reserved 1310720K
  class space    used 30312K, committed 32064K, reserved 1048576K
}
Event: 3216.198 GC heap before
{Heap before GC invocations=92 (full 0):
 garbage-first heap   total 688128K, used 643985K [0x0000000600000000, 0x0000000800000000)
  region size 4096K, 91 young (372736K), 6 survivors (24576K)
 Metaspace       used 241625K, committed 245184K, reserved 1310720K
  class space    used 30312K, committed 32064K, reserved 1048576K
}
Event: 3216.223 GC heap after
{Heap after GC invocations=93 (full 0):
 garbage-first heap   total 696320K, used 305519K [0x0000000600000000, 0x0000000800000000)
  region size 4096K, 8 young (32768K), 8 survivors (32768K)
 Metaspace       used 241625K, committed 245184K, reserved 1310720K
  class space    used 30312K, committed 32064K, reserved 1048576K
}
Event: 3247.725 GC heap before
{Heap before GC invocations=93 (full 0):
 garbage-first heap   total 696320K, used 440687K [0x0000000600000000, 0x0000000800000000)
  region size 4096K, 42 young (172032K), 8 survivors (32768K)
 Metaspace       used 242461K, committed 246080K, reserved 1310720K
  class space    used 30361K, committed 32128K, reserved 1048576K
}
Event: 3247.742 GC heap after
{Heap after GC invocations=94 (full 0):
 garbage-first heap   total 696320K, used 297743K [0x0000000600000000, 0x0000000800000000)
  region size 4096K, 5 young (20480K), 5 survivors (20480K)
 Metaspace       used 242461K, committed 246080K, reserved 1310720K
  class space    used 30361K, committed 32128K, reserved 1048576K
}
Event: 3248.908 GC heap before
{Heap before GC invocations=95 (full 0):
 garbage-first heap   total 696320K, used 662287K [0x0000000600000000, 0x0000000800000000)
  region size 4096K, 93 young (380928K), 5 survivors (20480K)
 Metaspace       used 242464K, committed 246080K, reserved 1310720K
  class space    used 30361K, committed 32128K, reserved 1048576K
}
Event: 3248.919 GC heap after
{Heap after GC invocations=96 (full 0):
 garbage-first heap   total 696320K, used 304854K [0x0000000600000000, 0x0000000800000000)
  region size 4096K, 6 young (24576K), 6 survivors (24576K)
 Metaspace       used 242464K, committed 246080K, reserved 1310720K
  class space    used 30361K, committed 32128K, reserved 1048576K
}
Event: 3249.859 GC heap before
{Heap before GC invocations=96 (full 0):
 garbage-first heap   total 696320K, used 657110K [0x0000000600000000, 0x0000000800000000)
  region size 4096K, 92 young (376832K), 6 survivors (24576K)
 Metaspace       used 248064K, committed 251776K, reserved 1310720K
  class space    used 30884K, committed 32704K, reserved 1048576K
}
Event: 3249.884 GC heap after
{Heap after GC invocations=97 (full 0):
 garbage-first heap   total 708608K, used 307029K [0x0000000600000000, 0x0000000800000000)
  region size 4096K, 7 young (28672K), 7 survivors (28672K)
 Metaspace       used 248064K, committed 251776K, reserved 1310720K
  class space    used 30884K, committed 32704K, reserved 1048576K
}
Event: 3250.261 GC heap before
{Heap before GC invocations=97 (full 0):
 garbage-first heap   total 708608K, used 659285K [0x0000000600000000, 0x0000000800000000)
  region size 4096K, 94 young (385024K), 7 survivors (28672K)
 Metaspace       used 248230K, committed 251904K, reserved 1310720K
  class space    used 30884K, committed 32704K, reserved 1048576K
}
Event: 3250.276 GC heap after
{Heap after GC invocations=98 (full 0):
 garbage-first heap   total 708608K, used 307870K [0x0000000600000000, 0x0000000800000000)
  region size 4096K, 6 young (24576K), 6 survivors (24576K)
 Metaspace       used 248230K, committed 251904K, reserved 1310720K
  class space    used 30884K, committed 32704K, reserved 1048576K
}
Event: 3254.040 GC heap before
{Heap before GC invocations=99 (full 0):
 garbage-first heap   total 708608K, used 664222K [0x0000000600000000, 0x0000000800000000)
  region size 4096K, 93 young (380928K), 6 survivors (24576K)
 Metaspace       used 248098K, committed 251840K, reserved 1310720K
  class space    used 30869K, committed 32704K, reserved 1048576K
}
Event: 3254.051 GC heap after
{Heap after GC invocations=100 (full 0):
 garbage-first heap   total 708608K, used 301524K [0x0000000600000000, 0x0000000800000000)
  region size 4096K, 5 young (20480K), 5 survivors (20480K)
 Metaspace       used 248098K, committed 251840K, reserved 1310720K
  class space    used 30869K, committed 32704K, reserved 1048576K
}
Event: 3256.808 GC heap before
{Heap before GC invocations=100 (full 0):
 garbage-first heap   total 708608K, used 657876K [0x0000000600000000, 0x0000000800000000)
  region size 4096K, 93 young (380928K), 5 survivors (20480K)
 Metaspace       used 250903K, committed 254592K, reserved 1310720K
  class space    used 31235K, committed 33024K, reserved 1048576K
}
Event: 3256.827 GC heap after
{Heap after GC invocations=101 (full 0):
 garbage-first heap   total 708608K, used 300535K [0x0000000600000000, 0x0000000800000000)
  region size 4096K, 5 young (20480K), 5 survivors (20480K)
 Metaspace       used 250903K, committed 254592K, reserved 1310720K
  class space    used 31235K, committed 33024K, reserved 1048576K
}

